<?xml version="1.0" encoding="UTF-8"?>
<testng-results ignored="0" total="1" passed="1" failed="0" skipped="0">
  <reporter-output>
  </reporter-output>
  <suite started-at="2025-03-23T13:48:03 IST" name="Default Suite" finished-at="2025-03-23T13:48:13 IST" duration-ms="10272">
    <groups>
    </groups>
    <test started-at="2025-03-23T13:48:03 IST" name="AutomationProject" finished-at="2025-03-23T13:48:13 IST" duration-ms="10272">
      <class name="com.ui.tests.LoginTest">
        <test-method signature="loginTest()[pri:0, instance:com.ui.tests.LoginTest@79efed2d]" started-at="2025-03-23T13:48:03 IST" name="loginTest" finished-at="2025-03-23T13:48:13 IST" duration-ms="10223" status="PASS">
          <reporter-output>
          </reporter-output>
        </test-method> <!-- loginTest -->
      </class> <!-- com.ui.tests.LoginTest -->
    </test> <!-- AutomationProject -->
  </suite> <!-- Default Suite -->
</testng-results>
